<?xml version="1.0" encoding="UTF-8"?>
<!-- Generated by org.testng.reporters.JUnitReportReporter -->
<testsuite hostname="DESKTOP-PIR4TAC" failures="0" tests="2" name="com.Shrawan.YahooTest.TeslaInvalidSearch" time="10.346" errors="0" timestamp="2025-03-07T10:10:36 IST" skipped="0">
  <testcase classname="com.Shrawan.YahooTest.TeslaInvalidSearch" name="OpenSite" time="10.142"/>
  <testcase classname="com.Shrawan.YahooTest.TeslaInvalidSearch" name="searchInvalidStock" time="0.204"/>
</testsuite> <!-- com.Shrawan.YahooTest.TeslaInvalidSearch -->
