<?xml version="1.0" encoding="UTF-8"?>
<!-- Generated by org.testng.reporters.JUnitReportReporter -->
<testsuite hostname="DESKTOP-PIR4TAC" failures="0" tests="6" name="com.Shrawan.YahooTest.YahooFinanceTest" time="48.864" errors="0" timestamp="2025-03-07T10:10:36 IST" skipped="0">
  <testcase classname="com.Shrawan.YahooTest.YahooFinanceTest" name="OpenSite" time="44.697"/>
  <testcase classname="com.Shrawan.YahooTest.YahooFinanceTest" name="searchStock" time="0.208"/>
  <testcase classname="com.Shrawan.YahooTest.YahooFinanceTest" name="verifyAutoSuggest" time="0.571"/>
  <testcase classname="com.Shrawan.YahooTest.YahooFinanceTest" name="clickFirstSuggestion" time="0.420"/>
  <testcase classname="com.Shrawan.YahooTest.YahooFinanceTest" name="verifyStockPrice" time="2.579"/>
  <testcase classname="com.Shrawan.YahooTest.YahooFinanceTest" name="captureStockData" time="0.389"/>
</testsuite> <!-- com.Shrawan.YahooTest.YahooFinanceTest -->
