<?xml version="1.0" encoding="UTF-8"?>
<!-- Generated by org.testng.reporters.JUnitReportReporter -->
<testsuite hostname="DESKTOP-PIR4TAC" failures="0" tests="2" name="com.Shrawan.YahooTest.TeslaInvalidSearch" time="4.898" errors="0" timestamp="2025-03-07T10:15:22 IST" skipped="0">
  <testcase classname="com.Shrawan.YahooTest.TeslaInvalidSearch" name="OpenSite" time="4.352"/>
  <testcase classname="com.Shrawan.YahooTest.TeslaInvalidSearch" name="searchInvalidStock" time="0.546"/>
</testsuite> <!-- com.Shrawan.YahooTest.TeslaInvalidSearch -->
