<?xml version="1.0" encoding="UTF-8"?>
<!-- Generated by org.testng.reporters.JUnitReportReporter -->
<testsuite hostname="DESKTOP-PIR4TAC" failures="0" tests="6" name="com.Shrawan.YahooTest.YahooFinanceTest" time="42.785" errors="0" timestamp="2025-03-07T10:15:22 IST" skipped="0">
  <testcase classname="com.Shrawan.YahooTest.YahooFinanceTest" name="OpenSite" time="38.070"/>
  <testcase classname="com.Shrawan.YahooTest.YahooFinanceTest" name="searchStock" time="0.171"/>
  <testcase classname="com.Shrawan.YahooTest.YahooFinanceTest" name="verifyAutoSuggest" time="0.568"/>
  <testcase classname="com.Shrawan.YahooTest.YahooFinanceTest" name="clickFirstSuggestion" time="0.294"/>
  <testcase classname="com.Shrawan.YahooTest.YahooFinanceTest" name="verifyStockPrice" time="3.242"/>
  <testcase classname="com.Shrawan.YahooTest.YahooFinanceTest" name="captureStockData" time="0.440"/>
</testsuite> <!-- com.Shrawan.YahooTest.YahooFinanceTest -->
