<?xml version="1.0" encoding="UTF-8"?>
<!-- Generated by org.testng.reporters.JUnitReportReporter -->
<testsuite hostname="DESKTOP-PIR4TAC" failures="0" tests="6" name="com.Shrawan.YahooTest.YahooFinanceTest" time="84.661" errors="0" timestamp="2025-03-06T22:46:31 IST" skipped="0">
  <testcase classname="com.Shrawan.YahooTest.YahooFinanceTest" name="OpenSite" time="78.567"/>
  <testcase classname="com.Shrawan.YahooTest.YahooFinanceTest" name="searchStock" time="0.250"/>
  <testcase classname="com.Shrawan.YahooTest.YahooFinanceTest" name="verifyAutoSuggest" time="0.584"/>
  <testcase classname="com.Shrawan.YahooTest.YahooFinanceTest" name="clickFirstSuggestion" time="0.276"/>
  <testcase classname="com.Shrawan.YahooTest.YahooFinanceTest" name="verifyStockPrice" time="4.565"/>
  <testcase classname="com.Shrawan.YahooTest.YahooFinanceTest" name="captureStockData" time="0.419"/>
</testsuite> <!-- com.Shrawan.YahooTest.YahooFinanceTest -->
